<?xml version="1.0" encoding="UTF-8"?>
<robot generator="Robot 7.2.2 (Python 3.10.7 on win32)" generated="2025-05-27T09:23:30.515908" rpa="false" schemaversion="5">
<suite id="s1" name="Canoe Test" source="C:\Users\srava\Desktop\Vinay_AET\CANoe_Automation_Robot_Framework\canoe_test.robot">
<test id="s1-t1" name="Run Diagnostic Test" line="6">
<kw name="Open Diag And Start Measurement" owner="canoe_keywords">
<msg time="2025-05-27T09:23:36.772666" level="INFO">2025-05-27 09:23:30,575 [CANOE_LOG] [DEBUG] ➖➖➖➖➖➖➖➖➖➖➖➖➖➖➖➖➖➖➖➖➖➖➖➖➖➖➖➖➖➖➖➖➖➖➖➖➖➖➖➖➖➖➖➖➖➖➖➖➖➖
2025-05-27 09:23:31,605 [CANOE_LOG] [DEBUG] ⏳ waiting for application to open
2025-05-27 09:23:33,449 [CANOE_LOG] [DEBUG] 📢 CANoe configuration successfully opened 🎉
2025-05-27 09:23:33,450 [CANOE_LOG] [DEBUG] ⏳ waiting for measurement to start
2025-05-27 09:23:33,771 [CANOE_LOG] [DEBUG] 👉 CANoe Measurement Started 🏃‍♂️
CANoe opened and measurement started.</msg>
<arg>C:/Users/srava/Desktop/Vinay_AET/CANoe_Automation_Robot_Framework/resources/RBS/RBS_Python_v0.2/RBS_Python.cfg</arg>
<status status="PASS" start="2025-05-27T09:23:30.574788" elapsed="6.197878"/>
</kw>
<kw name="Send Diag Requests" owner="canoe_keywords">
<msg time="2025-05-27T09:23:42.157011" level="INFO">Sending diagnostic requests...
Responses received:
Default Session: 50 01 01 F4 13 88
Extended Session: 50 03 01 F4 13 88
Variant Coding: 6E DE 02</msg>
<status status="PASS" start="2025-05-27T09:23:36.772666" elapsed="5.384345"/>
</kw>
<status status="PASS" start="2025-05-27T09:23:30.574240" elapsed="11.582771"/>
</test>
<test id="s1-t2" name="Test ACC Active" line="9">
<kw name="Set CAN Signal" owner="canoe_keywords">
<msg time="2025-05-27T09:23:42.265165" level="INFO">set CAN: MO_Message_1.MO_sig_ReadytoDrive to 2</msg>
<arg>CAN</arg>
<arg>1</arg>
<arg>MO_Message_1</arg>
<arg>MO_sig_ReadytoDrive</arg>
<arg>2</arg>
<status status="PASS" start="2025-05-27T09:23:42.158016" elapsed="0.107149"/>
</kw>
<kw name="Set CAN Signal" owner="canoe_keywords">
<msg time="2025-05-27T09:23:42.374049" level="INFO">set CAN: ACC_BCM_Message.ACC_Int_status to 1</msg>
<arg>CAN</arg>
<arg>1</arg>
<arg>ACC_BCM_Message</arg>
<arg>ACC_Int_status</arg>
<arg>1</arg>
<status status="PASS" start="2025-05-27T09:23:42.266242" elapsed="0.107807"/>
</kw>
<kw name="Set CAN Signal" owner="canoe_keywords">
<msg time="2025-05-27T09:23:42.497395" level="INFO">set CAN: ACC_BCM_Message.ACC_MainSwitch_ACC to 2</msg>
<arg>CAN</arg>
<arg>1</arg>
<arg>ACC_BCM_Message</arg>
<arg>ACC_MainSwitch_ACC</arg>
<arg>2</arg>
<status status="PASS" start="2025-05-27T09:23:42.374594" elapsed="0.122801"/>
</kw>
<kw name="Set CAN Signal" owner="canoe_keywords">
<msg time="2025-05-27T09:23:42.606422" level="INFO">set CAN: Gear_Message.Gear_signal to 3</msg>
<arg>CAN</arg>
<arg>1</arg>
<arg>Gear_Message</arg>
<arg>Gear_signal</arg>
<arg>3</arg>
<status status="PASS" start="2025-05-27T09:23:42.497395" elapsed="0.110021"/>
</kw>
<kw name="Set CAN Signal" owner="canoe_keywords">
<msg time="2025-05-27T09:23:42.716814" level="INFO">set CAN: RDS_Coder_Data_CAN.Sig_Spdmtr_Rq to 78</msg>
<arg>CAN</arg>
<arg>1</arg>
<arg>RDS_Coder_Data_CAN</arg>
<arg>Sig_Spdmtr_Rq</arg>
<arg>78</arg>
<status status="PASS" start="2025-05-27T09:23:42.607416" elapsed="0.109398"/>
</kw>
<kw name="Set CAN Signal" owner="canoe_keywords">
<msg time="2025-05-27T09:23:42.827171" level="INFO">set CAN: ACC_BCM_Message.ACC_Set_signal to 1</msg>
<arg>CAN</arg>
<arg>1</arg>
<arg>ACC_BCM_Message</arg>
<arg>ACC_Set_signal</arg>
<arg>1</arg>
<status status="PASS" start="2025-05-27T09:23:42.716814" elapsed="0.110357"/>
</kw>
<kw name="Verify CAN Signal" owner="canoe_keywords">
<msg time="2025-05-27T09:23:42.832916" level="INFO">Verifying ACC_status.ACC_sig_status: Actual = 1, Expected = 2</msg>
<msg time="2025-05-27T09:23:42.832916" level="FAIL">FAIL: Expected 2, but got 1</msg>
<arg>CAN</arg>
<arg>1</arg>
<arg>ACC_status</arg>
<arg>ACC_sig_status</arg>
<arg>2</arg>
<status status="FAIL" start="2025-05-27T09:23:42.828170" elapsed="0.005762">FAIL: Expected 2, but got 1</status>
</kw>
<status status="FAIL" start="2025-05-27T09:23:42.158016" elapsed="0.675916">FAIL: Expected 2, but got 1</status>
</test>
<test id="s1-t3" name="Test ACC Passsive" line="17">
<kw name="Set CAN Signal" owner="canoe_keywords">
<msg time="2025-05-27T09:23:42.951516" level="INFO">set CAN: MO_Message_1.MO_sig_ReadytoDrive to 2</msg>
<arg>CAN</arg>
<arg>1</arg>
<arg>MO_Message_1</arg>
<arg>MO_sig_ReadytoDrive</arg>
<arg>2</arg>
<status status="PASS" start="2025-05-27T09:23:42.835938" elapsed="0.115578"/>
</kw>
<kw name="Set CAN Signal" owner="canoe_keywords">
<msg time="2025-05-27T09:23:43.062029" level="INFO">set CAN: ACC_BCM_Message.ACC_Int_status to 1</msg>
<arg>CAN</arg>
<arg>1</arg>
<arg>ACC_BCM_Message</arg>
<arg>ACC_Int_status</arg>
<arg>1</arg>
<status status="PASS" start="2025-05-27T09:23:42.952517" elapsed="0.109512"/>
</kw>
<kw name="Set CAN Signal" owner="canoe_keywords">
<msg time="2025-05-27T09:23:43.171264" level="INFO">set CAN: ACC_BCM_Message.ACC_MainSwitch_ACC to 1</msg>
<arg>CAN</arg>
<arg>1</arg>
<arg>ACC_BCM_Message</arg>
<arg>ACC_MainSwitch_ACC</arg>
<arg>1</arg>
<status status="PASS" start="2025-05-27T09:23:43.063029" elapsed="0.108235"/>
</kw>
<kw name="Set CAN Signal" owner="canoe_keywords">
<msg time="2025-05-27T09:23:43.280777" level="INFO">set CAN: Gear_Message.Gear_signal to 3</msg>
<arg>CAN</arg>
<arg>1</arg>
<arg>Gear_Message</arg>
<arg>Gear_signal</arg>
<arg>3</arg>
<status status="PASS" start="2025-05-27T09:23:43.172649" elapsed="0.108128"/>
</kw>
<kw name="Set CAN Signal" owner="canoe_keywords">
<msg time="2025-05-27T09:23:43.390942" level="INFO">set CAN: RDS_Coder_Data_CAN.Sig_Spdmtr_Rq to 78</msg>
<arg>CAN</arg>
<arg>1</arg>
<arg>RDS_Coder_Data_CAN</arg>
<arg>Sig_Spdmtr_Rq</arg>
<arg>78</arg>
<status status="PASS" start="2025-05-27T09:23:43.281898" elapsed="0.109044"/>
</kw>
<kw name="Set CAN Signal" owner="canoe_keywords">
<msg time="2025-05-27T09:23:43.501365" level="INFO">set CAN: ACC_BCM_Message.ACC_Set_signal to 1</msg>
<arg>CAN</arg>
<arg>1</arg>
<arg>ACC_BCM_Message</arg>
<arg>ACC_Set_signal</arg>
<arg>1</arg>
<status status="PASS" start="2025-05-27T09:23:43.391975" elapsed="0.110292"/>
</kw>
<kw name="Verify CAN Signal" owner="canoe_keywords">
<msg time="2025-05-27T09:23:43.504774" level="INFO">Verifying ACC_status.ACC_sig_status: Actual = 1, Expected = 1
PASS: Signal value matches expected.</msg>
<arg>CAN</arg>
<arg>1</arg>
<arg>ACC_status</arg>
<arg>ACC_sig_status</arg>
<arg>1</arg>
<status status="PASS" start="2025-05-27T09:23:43.502267" elapsed="0.002507"/>
</kw>
<status status="PASS" start="2025-05-27T09:23:42.834936" elapsed="0.669838"/>
</test>
<test id="s1-t4" name="Test ACC Passive and disp signal status" line="25">
<kw name="Set CAN Signal" owner="canoe_keywords">
<msg time="2025-05-27T09:23:43.611706" level="INFO">set CAN: MO_Message_1.MO_sig_ReadytoDrive to 2</msg>
<arg>CAN</arg>
<arg>1</arg>
<arg>MO_Message_1</arg>
<arg>MO_sig_ReadytoDrive</arg>
<arg>2</arg>
<status status="PASS" start="2025-05-27T09:23:43.506776" elapsed="0.104930"/>
</kw>
<kw name="Set CAN Signal" owner="canoe_keywords">
<msg time="2025-05-27T09:23:43.719785" level="INFO">set CAN: ACC_BCM_Message.ACC_Int_status to 1</msg>
<arg>CAN</arg>
<arg>1</arg>
<arg>ACC_BCM_Message</arg>
<arg>ACC_Int_status</arg>
<arg>1</arg>
<status status="PASS" start="2025-05-27T09:23:43.611706" elapsed="0.108079"/>
</kw>
<kw name="Set CAN Signal" owner="canoe_keywords">
<msg time="2025-05-27T09:23:43.827031" level="INFO">set CAN: ACC_BCM_Message.ACC_MainSwitch_ACC to 2</msg>
<arg>CAN</arg>
<arg>1</arg>
<arg>ACC_BCM_Message</arg>
<arg>ACC_MainSwitch_ACC</arg>
<arg>2</arg>
<status status="PASS" start="2025-05-27T09:23:43.720160" elapsed="0.106871"/>
</kw>
<kw name="Set CAN Signal" owner="canoe_keywords">
<msg time="2025-05-27T09:23:43.938891" level="INFO">set CAN: Gear_Message.Gear_signal to 3</msg>
<arg>CAN</arg>
<arg>1</arg>
<arg>Gear_Message</arg>
<arg>Gear_signal</arg>
<arg>3</arg>
<status status="PASS" start="2025-05-27T09:23:43.827916" elapsed="0.110975"/>
</kw>
<kw name="Set CAN Signal" owner="canoe_keywords">
<msg time="2025-05-27T09:23:44.047773" level="INFO">set CAN: RDS_Coder_Data_CAN.Sig_Spdmtr_Rq to 35</msg>
<arg>CAN</arg>
<arg>1</arg>
<arg>RDS_Coder_Data_CAN</arg>
<arg>Sig_Spdmtr_Rq</arg>
<arg>35</arg>
<status status="PASS" start="2025-05-27T09:23:43.939891" elapsed="0.107882"/>
</kw>
<kw name="Set CAN Signal" owner="canoe_keywords">
<msg time="2025-05-27T09:23:44.156830" level="INFO">set CAN: ACC_BCM_Message.ACC_Set_signal to 1</msg>
<arg>CAN</arg>
<arg>1</arg>
<arg>ACC_BCM_Message</arg>
<arg>ACC_Set_signal</arg>
<arg>1</arg>
<status status="PASS" start="2025-05-27T09:23:44.047773" elapsed="0.109057"/>
</kw>
<kw name="Verify CAN Signal" owner="canoe_keywords">
<msg time="2025-05-27T09:23:44.160702" level="INFO">Verifying ACC_status.ACC_sig_status: Actual = 1, Expected = 1
PASS: Signal value matches expected.</msg>
<arg>CAN</arg>
<arg>1</arg>
<arg>ACC_status</arg>
<arg>ACC_sig_status</arg>
<arg>1</arg>
<status status="PASS" start="2025-05-27T09:23:44.157910" elapsed="0.002792"/>
</kw>
<kw name="Get Display status" owner="canoe_keywords">
<msg time="2025-05-27T09:23:44.162704" level="INFO">Actual = 2, Expected = 2
Vehicle speed is too low</msg>
<arg>CAN</arg>
<arg>1</arg>
<arg>ACC_status</arg>
<arg>ACC_disp_signal</arg>
<arg>2</arg>
<status status="PASS" start="2025-05-27T09:23:44.161713" elapsed="0.000991"/>
</kw>
<status status="PASS" start="2025-05-27T09:23:43.505774" elapsed="0.656930"/>
</test>
<test id="s1-t5" name="Test ACC Passive and ACC disp with APC Conditions" line="34">
<kw name="Set CAN Signal" owner="canoe_keywords">
<msg time="2025-05-27T09:23:44.266718" level="INFO">set CAN: MO_Message_1.MO_sig_ReadytoDrive to 2</msg>
<arg>CAN</arg>
<arg>1</arg>
<arg>MO_Message_1</arg>
<arg>MO_sig_ReadytoDrive</arg>
<arg>2</arg>
<status status="PASS" start="2025-05-27T09:23:44.164222" elapsed="0.102496"/>
</kw>
<kw name="Set CAN Signal" owner="canoe_keywords">
<msg time="2025-05-27T09:23:44.375125" level="INFO">set CAN: ACC_BCM_Message.ACC_Int_status to 1</msg>
<arg>CAN</arg>
<arg>1</arg>
<arg>ACC_BCM_Message</arg>
<arg>ACC_Int_status</arg>
<arg>1</arg>
<status status="PASS" start="2025-05-27T09:23:44.267040" elapsed="0.109081"/>
</kw>
<kw name="Set CAN Signal" owner="canoe_keywords">
<msg time="2025-05-27T09:23:44.482933" level="INFO">set CAN: ACC_BCM_Message.ACC_MainSwitch_ACC to 2</msg>
<arg>CAN</arg>
<arg>1</arg>
<arg>ACC_BCM_Message</arg>
<arg>ACC_MainSwitch_ACC</arg>
<arg>2</arg>
<status status="PASS" start="2025-05-27T09:23:44.376121" elapsed="0.106812"/>
</kw>
<kw name="Set CAN Signal" owner="canoe_keywords">
<msg time="2025-05-27T09:23:44.592070" level="INFO">set CAN: Gear_Message.Gear_signal to 1</msg>
<arg>CAN</arg>
<arg>1</arg>
<arg>Gear_Message</arg>
<arg>Gear_signal</arg>
<arg>1</arg>
<status status="PASS" start="2025-05-27T09:23:44.482933" elapsed="0.109137"/>
</kw>
<kw name="Set CAN Signal" owner="canoe_keywords">
<msg time="2025-05-27T09:23:44.700205" level="INFO">set CAN: RDS_Coder_Data_CAN.Sig_Spdmtr_Rq to 50</msg>
<arg>CAN</arg>
<arg>1</arg>
<arg>RDS_Coder_Data_CAN</arg>
<arg>Sig_Spdmtr_Rq</arg>
<arg>50</arg>
<status status="PASS" start="2025-05-27T09:23:44.592070" elapsed="0.108135"/>
</kw>
<kw name="Set CAN Signal" owner="canoe_keywords">
<msg time="2025-05-27T09:23:44.811091" level="INFO">set CAN: ACC_BCM_Message.ACC_Set_signal to 1</msg>
<arg>CAN</arg>
<arg>1</arg>
<arg>ACC_BCM_Message</arg>
<arg>ACC_Set_signal</arg>
<arg>1</arg>
<status status="PASS" start="2025-05-27T09:23:44.700205" elapsed="0.110886"/>
</kw>
<kw name="Verify CAN Signal" owner="canoe_keywords">
<msg time="2025-05-27T09:23:44.814589" level="INFO">Verifying ACC_status.ACC_sig_status: Actual = 1, Expected = 1
PASS: Signal value matches expected.</msg>
<arg>CAN</arg>
<arg>1</arg>
<arg>ACC_status</arg>
<arg>ACC_sig_status</arg>
<arg>1</arg>
<status status="PASS" start="2025-05-27T09:23:44.811091" elapsed="0.003498"/>
</kw>
<kw name="Get Display status" owner="canoe_keywords">
<msg time="2025-05-27T09:23:44.817302" level="INFO">Actual = 3, Expected = 3
Please check the Gear Position</msg>
<arg>CAN</arg>
<arg>1</arg>
<arg>ACC_status</arg>
<arg>ACC_disp_signal</arg>
<arg>3</arg>
<status status="PASS" start="2025-05-27T09:23:44.815271" elapsed="0.002031"/>
</kw>
<status status="PASS" start="2025-05-27T09:23:44.164222" elapsed="0.653080"/>
</test>
<test id="s1-t6" name="Test ACC Active Status then trigger SOC Condition and check ACC Passive status and disp signal status" line="44">
<kw name="Set CAN Signal" owner="canoe_keywords">
<msg time="2025-05-27T09:23:44.920920" level="INFO">set CAN: MO_Message_1.MO_sig_ReadytoDrive to 2</msg>
<arg>CAN</arg>
<arg>1</arg>
<arg>MO_Message_1</arg>
<arg>MO_sig_ReadytoDrive</arg>
<arg>2</arg>
<status status="PASS" start="2025-05-27T09:23:44.818305" elapsed="0.102615"/>
</kw>
<kw name="Set CAN Signal" owner="canoe_keywords">
<msg time="2025-05-27T09:23:45.027841" level="INFO">set CAN: ACC_BCM_Message.ACC_Int_status to 1</msg>
<arg>CAN</arg>
<arg>1</arg>
<arg>ACC_BCM_Message</arg>
<arg>ACC_Int_status</arg>
<arg>1</arg>
<status status="PASS" start="2025-05-27T09:23:44.920920" elapsed="0.106921"/>
</kw>
<kw name="Set CAN Signal" owner="canoe_keywords">
<msg time="2025-05-27T09:23:45.136643" level="INFO">set CAN: ACC_BCM_Message.ACC_MainSwitch_ACC to 2</msg>
<arg>CAN</arg>
<arg>1</arg>
<arg>ACC_BCM_Message</arg>
<arg>ACC_MainSwitch_ACC</arg>
<arg>2</arg>
<status status="PASS" start="2025-05-27T09:23:45.028841" elapsed="0.107802"/>
</kw>
<kw name="Set CAN Signal" owner="canoe_keywords">
<msg time="2025-05-27T09:23:45.243841" level="INFO">set CAN: Gear_Message.Gear_signal to 3</msg>
<arg>CAN</arg>
<arg>1</arg>
<arg>Gear_Message</arg>
<arg>Gear_signal</arg>
<arg>3</arg>
<status status="PASS" start="2025-05-27T09:23:45.136643" elapsed="0.107198"/>
</kw>
<kw name="Set CAN Signal" owner="canoe_keywords">
<msg time="2025-05-27T09:23:45.351078" level="INFO">set CAN: RDS_Coder_Data_CAN.Sig_Spdmtr_Rq to 50</msg>
<arg>CAN</arg>
<arg>1</arg>
<arg>RDS_Coder_Data_CAN</arg>
<arg>Sig_Spdmtr_Rq</arg>
<arg>50</arg>
<status status="PASS" start="2025-05-27T09:23:45.243841" elapsed="0.107237"/>
</kw>
<kw name="Set CAN Signal" owner="canoe_keywords">
<msg time="2025-05-27T09:23:45.461853" level="INFO">set CAN: ACC_BCM_Message.ACC_Set_signal to 2</msg>
<arg>CAN</arg>
<arg>1</arg>
<arg>ACC_BCM_Message</arg>
<arg>ACC_Set_signal</arg>
<arg>2</arg>
<status status="PASS" start="2025-05-27T09:23:45.351078" elapsed="0.110775"/>
</kw>
<kw name="Verify CAN Signal" owner="canoe_keywords">
<msg time="2025-05-27T09:23:45.465510" level="INFO">Verifying ACC_status.ACC_sig_status: Actual = 1, Expected = 1
PASS: Signal value matches expected.</msg>
<arg>CAN</arg>
<arg>1</arg>
<arg>ACC_status</arg>
<arg>ACC_sig_status</arg>
<arg>1</arg>
<status status="PASS" start="2025-05-27T09:23:45.461853" elapsed="0.003657"/>
</kw>
<kw name="Set CAN Signal" owner="canoe_keywords">
<msg time="2025-05-27T09:23:45.569985" level="INFO">set CAN: RDS_Coder_Data_CAN.Sig_Spdmtr_Rq to 35</msg>
<arg>CAN</arg>
<arg>1</arg>
<arg>RDS_Coder_Data_CAN</arg>
<arg>Sig_Spdmtr_Rq</arg>
<arg>35</arg>
<status status="PASS" start="2025-05-27T09:23:45.465510" elapsed="0.104475"/>
</kw>
<kw name="Set CAN Signal" owner="canoe_keywords">
<msg time="2025-05-27T09:23:45.677589" level="INFO">set CAN: ACC_BCM_Message.ACC_Set_signal to 1</msg>
<arg>CAN</arg>
<arg>1</arg>
<arg>ACC_BCM_Message</arg>
<arg>ACC_Set_signal</arg>
<arg>1</arg>
<status status="PASS" start="2025-05-27T09:23:45.571043" elapsed="0.106546"/>
</kw>
<kw name="Verify CAN Signal" owner="canoe_keywords">
<msg time="2025-05-27T09:23:45.682297" level="INFO">Verifying ACC_status.ACC_sig_status: Actual = 1, Expected = 1
PASS: Signal value matches expected.</msg>
<arg>CAN</arg>
<arg>1</arg>
<arg>ACC_status</arg>
<arg>ACC_sig_status</arg>
<arg>1</arg>
<status status="PASS" start="2025-05-27T09:23:45.678737" elapsed="0.003560"/>
</kw>
<kw name="Get Display status" owner="canoe_keywords">
<msg time="2025-05-27T09:23:45.683800" level="INFO">Actual = 0, Expected = 2
Reserved</msg>
<arg>CAN</arg>
<arg>1</arg>
<arg>ACC_status</arg>
<arg>ACC_disp_signal</arg>
<arg>2</arg>
<status status="PASS" start="2025-05-27T09:23:45.682297" elapsed="0.001503"/>
</kw>
<status status="PASS" start="2025-05-27T09:23:44.818305" elapsed="0.865495"/>
</test>
<test id="s1-t7" name="Test ACC Active Status then trigger SOC Condition and check ACC Activecls status and disp signal status" line="57">
<kw name="Set CAN Signal" owner="canoe_keywords">
<msg time="2025-05-27T09:23:45.787849" level="INFO">set CAN: MO_Message_1.MO_sig_ReadytoDrive to 2</msg>
<arg>CAN</arg>
<arg>1</arg>
<arg>MO_Message_1</arg>
<arg>MO_sig_ReadytoDrive</arg>
<arg>2</arg>
<status status="PASS" start="2025-05-27T09:23:45.684808" elapsed="0.103041"/>
</kw>
<kw name="Set CAN Signal" owner="canoe_keywords">
<msg time="2025-05-27T09:23:45.896671" level="INFO">set CAN: ACC_BCM_Message.ACC_Int_status to 1</msg>
<arg>CAN</arg>
<arg>1</arg>
<arg>ACC_BCM_Message</arg>
<arg>ACC_Int_status</arg>
<arg>1</arg>
<status status="PASS" start="2025-05-27T09:23:45.787849" elapsed="0.108822"/>
</kw>
<kw name="Set CAN Signal" owner="canoe_keywords">
<msg time="2025-05-27T09:23:46.018000" level="INFO">set CAN: ACC_BCM_Message.ACC_MainSwitch_ACC to 2</msg>
<arg>CAN</arg>
<arg>1</arg>
<arg>ACC_BCM_Message</arg>
<arg>ACC_MainSwitch_ACC</arg>
<arg>2</arg>
<status status="PASS" start="2025-05-27T09:23:45.897711" elapsed="0.120289"/>
</kw>
<kw name="Set CAN Signal" owner="canoe_keywords">
<msg time="2025-05-27T09:23:46.146106" level="INFO">set CAN: Gear_Message.Gear_signal to 3</msg>
<arg>CAN</arg>
<arg>1</arg>
<arg>Gear_Message</arg>
<arg>Gear_signal</arg>
<arg>3</arg>
<status status="PASS" start="2025-05-27T09:23:46.018000" elapsed="0.128106"/>
</kw>
<kw name="Set CAN Signal" owner="canoe_keywords">
<msg time="2025-05-27T09:23:46.255049" level="INFO">set CAN: RDS_Coder_Data_CAN.Sig_Spdmtr_Rq to 50</msg>
<arg>CAN</arg>
<arg>1</arg>
<arg>RDS_Coder_Data_CAN</arg>
<arg>Sig_Spdmtr_Rq</arg>
<arg>50</arg>
<status status="PASS" start="2025-05-27T09:23:46.146495" elapsed="0.108554"/>
</kw>
<kw name="Set CAN Signal" owner="canoe_keywords">
<msg time="2025-05-27T09:23:46.363202" level="INFO">set CAN: ACC_BCM_Message.ACC_Set_signal to 1</msg>
<arg>CAN</arg>
<arg>1</arg>
<arg>ACC_BCM_Message</arg>
<arg>ACC_Set_signal</arg>
<arg>1</arg>
<status status="PASS" start="2025-05-27T09:23:46.255049" elapsed="0.108153"/>
</kw>
<kw name="Verify CAN Signal" owner="canoe_keywords">
<msg time="2025-05-27T09:23:46.370345" level="INFO">Verifying ACC_status.ACC_sig_status: Actual = 2, Expected = 2
PASS: Signal value matches expected.</msg>
<arg>CAN</arg>
<arg>1</arg>
<arg>ACC_status</arg>
<arg>ACC_sig_status</arg>
<arg>2</arg>
<status status="PASS" start="2025-05-27T09:23:46.364305" elapsed="0.006040"/>
</kw>
<kw name="Set CAN Signal" owner="canoe_keywords">
<msg time="2025-05-27T09:23:46.486868" level="INFO">set CAN: Gear_Message.Gear_signal to 1</msg>
<arg>CAN</arg>
<arg>1</arg>
<arg>Gear_Message</arg>
<arg>Gear_signal</arg>
<arg>1</arg>
<status status="PASS" start="2025-05-27T09:23:46.370345" elapsed="0.116523"/>
</kw>
<kw name="Set CAN Signal" owner="canoe_keywords">
<msg time="2025-05-27T09:23:46.595827" level="INFO">set CAN: ACC_BCM_Message.ACC_Set_signal to 1</msg>
<arg>CAN</arg>
<arg>1</arg>
<arg>ACC_BCM_Message</arg>
<arg>ACC_Set_signal</arg>
<arg>1</arg>
<status status="PASS" start="2025-05-27T09:23:46.487868" elapsed="0.107959"/>
</kw>
<kw name="Verify CAN Signal" owner="canoe_keywords">
<msg time="2025-05-27T09:23:46.601383" level="INFO">Verifying ACC_status.ACC_sig_status: Actual = 1, Expected = 1
PASS: Signal value matches expected.</msg>
<arg>CAN</arg>
<arg>1</arg>
<arg>ACC_status</arg>
<arg>ACC_sig_status</arg>
<arg>1</arg>
<status status="PASS" start="2025-05-27T09:23:46.596796" elapsed="0.004587"/>
</kw>
<kw name="Get Display status" owner="canoe_keywords">
<msg time="2025-05-27T09:23:46.602698" level="INFO">Actual = 3, Expected = 3
Please check the Gear Position</msg>
<arg>CAN</arg>
<arg>1</arg>
<arg>ACC_status</arg>
<arg>ACC_disp_signal</arg>
<arg>3</arg>
<status status="PASS" start="2025-05-27T09:23:46.601694" elapsed="0.001004"/>
</kw>
<status status="PASS" start="2025-05-27T09:23:45.684808" elapsed="0.917890"/>
</test>
<test id="s1-t8" name="Test Stop Measurement" line="70">
<kw name="Stop Measurement" owner="canoe_keywords">
<msg time="2025-05-27T09:23:46.632642" level="INFO">Tests are Performed and measurement stopped</msg>
<status status="PASS" start="2025-05-27T09:23:46.602698" elapsed="0.029944"/>
</kw>
<status status="PASS" start="2025-05-27T09:23:46.602698" elapsed="0.031446"/>
</test>
<status status="FAIL" start="2025-05-27T09:23:30.516906" elapsed="16.117238"/>
</suite>
<statistics>
<total>
<stat pass="7" fail="1" skip="0">All Tests</stat>
</total>
<tag>
</tag>
<suite>
<stat name="Canoe Test" id="s1" pass="7" fail="1" skip="0">Canoe Test</stat>
</suite>
</statistics>
<errors>
</errors>
</robot>
